<?xml version="1.0" encoding="UTF-8"?>
<!-- Generated by org.testng.reporters.JUnitReportReporter -->
<testsuite skipped="0" hostname="CBIT01580.local" name="com.one.api.tests.Tests" tests="4" failures="0" timestamp="2021-03-22T03:34:45 IST" time="13.620" errors="0">
  <testcase name="getMovie" time="0.902" classname="com.one.api.tests.Tests"/>
  <system-out/>
  <testcase name="getBooks" time="2.309" classname="com.one.api.tests.Tests"/>
  <system-out/>
  <testcase name="getQuotes" time="9.510" classname="com.one.api.tests.Tests"/>
  <system-out/>
  <testcase name="getMovieInvalidReq" time="0.899" classname="com.one.api.tests.Tests"/>
  <system-out/>
</testsuite> <!-- com.one.api.tests.Tests -->
